{"error":"Returned error: ","level":"error","message":"Fatal error","stack":"ResponseError: Returned error: \n    at HttpProvider.<anonymous> (C:\\Users\\Programmers\\Desktop\\bc_SUPERBOT\\files\\node_modules\\web3-providers-http\\lib\\commonjs\\index.js:61:23)\n    at Generator.next (<anonymous>)\n    at fulfilled (C:\\Users\\Programmers\\Desktop\\bc_SUPERBOT\\files\\node_modules\\web3-providers-http\\lib\\commonjs\\index.js:21:58)\n    at process.processTicksAndRejections (node:internal/process/task_queues:105:5)","timestamp":"2026-04-19 16:05:57"}
{"error":"Returned error: ","level":"error","message":"Fatal error","stack":"ResponseError: Returned error: \n    at HttpProvider.<anonymous> (C:\\Users\\Programmers\\Desktop\\bc_SUPERBOT\\files\\node_modules\\web3-providers-http\\lib\\commonjs\\index.js:61:23)\n    at Generator.next (<anonymous>)\n    at fulfilled (C:\\Users\\Programmers\\Desktop\\bc_SUPERBOT\\files\\node_modules\\web3-providers-http\\lib\\commonjs\\index.js:21:58)\n    at process.processTicksAndRejections (node:internal/process/task_queues:105:5)","timestamp":"2026-04-20 10:36:53"}
{"error":"Returned error: ","level":"error","message":"Fatal error","stack":"ResponseError: Returned error: \n    at HttpProvider.<anonymous> (C:\\Users\\Programmers\\Desktop\\bc_SUPERBOT\\files\\node_modules\\web3-providers-http\\lib\\commonjs\\index.js:61:23)\n    at Generator.next (<anonymous>)\n    at fulfilled (C:\\Users\\Programmers\\Desktop\\bc_SUPERBOT\\files\\node_modules\\web3-providers-http\\lib\\commonjs\\index.js:21:58)\n    at process.processTicksAndRejections (node:internal/process/task_queues:105:5)","timestamp":"2026-04-20 10:59:54"}
{"error":"Returned error:","level":"error","message":"Admin API error","timestamp":"2026-04-20 11:33:50"}
{"error":"Returned error:","level":"error","message":"Admin API error","timestamp":"2026-04-20 11:33:55"}
{"error":"Returned error:","level":"error","message":"Admin API error","timestamp":"2026-04-20 11:34:00"}
{"level":"error","message":"sell-list.json not found at: C:\\Users\\Programmers\\Desktop\\bc_SUPERBOT\\files\\sell-list.json","timestamp":"2026-04-20 11:34:02"}
{"error":"Returned error:","level":"error","message":"Admin API error","timestamp":"2026-04-20 11:34:05"}
{"error":"Returned error:","level":"error","message":"Admin API error","timestamp":"2026-04-20 11:34:06"}
{"error":"Returned error:","level":"error","message":"Admin API error","timestamp":"2026-04-20 11:34:15"}
{"error":"Returned error:","level":"error","message":"Admin API error","timestamp":"2026-04-20 11:34:20"}
{"error":"Returned error:","level":"error","message":"Admin API error","timestamp":"2026-04-20 11:34:25"}
{"error":"Returned error:","level":"error","message":"Admin API error","timestamp":"2026-04-20 11:34:35"}
{"error":"Returned error:","level":"error","message":"Admin API error","timestamp":"2026-04-20 11:34:35"}
{"error":"Returned error:","level":"error","message":"Admin API error","timestamp":"2026-04-20 11:34:38"}
{"error":"Returned error:","level":"error","message":"Admin API error","timestamp":"2026-04-20 11:34:40"}
{"error":"Returned error:","level":"error","message":"Admin API error","timestamp":"2026-04-20 11:34:45"}
{"error":"Returned error:","level":"error","message":"Admin API error","timestamp":"2026-04-20 11:34:50"}
{"error":"Returned error:","level":"error","message":"Admin API error","timestamp":"2026-04-20 11:35:05"}
{"error":"Returned error:","level":"error","message":"Admin API error","timestamp":"2026-04-20 11:35:20"}
{"error":"Returned error:","level":"error","message":"Admin API error","timestamp":"2026-04-20 11:35:35"}
{"error":"Returned error:","level":"error","message":"Admin API error","timestamp":"2026-04-20 11:35:42"}
{"error":"Returned error:","level":"error","message":"Admin API error","timestamp":"2026-04-20 11:36:07"}
{"error":"Returned error:","level":"error","message":"Admin API error","timestamp":"2026-04-20 11:36:17"}
{"error":"Returned error:","level":"error","message":"Admin API error","timestamp":"2026-04-20 11:36:32"}
{"error":"Returned error:","level":"error","message":"Admin API error","timestamp":"2026-04-20 11:36:37"}
{"error":"Returned error:","level":"error","message":"Admin API error","timestamp":"2026-04-20 11:36:42"}
{"error":"Returned error:","level":"error","message":"Admin API error","timestamp":"2026-04-20 11:36:47"}
{"error":"Returned error:","level":"error","message":"Admin API error","timestamp":"2026-04-20 11:36:52"}
{"error":"Returned error:","level":"error","message":"Admin API error","timestamp":"2026-04-20 11:36:57"}
{"error":"Returned error:","level":"error","message":"Admin API error","timestamp":"2026-04-20 11:37:07"}
{"error":"Returned error:","level":"error","message":"Admin API error","timestamp":"2026-04-20 11:37:17"}
{"error":"Returned error:","level":"error","message":"Admin API error","timestamp":"2026-04-20 11:37:22"}
{"error":"Returned error:","level":"error","message":"Admin API error","timestamp":"2026-04-20 11:37:27"}
{"error":"Returned error:","level":"error","message":"Admin API error","timestamp":"2026-04-20 11:37:37"}
{"error":"Returned error:","level":"error","message":"Admin API error","timestamp":"2026-04-20 11:37:57"}
{"error":"Returned error:","level":"error","message":"Admin API error","timestamp":"2026-04-20 11:38:47"}
{"error":"Returned error:","level":"error","message":"Admin API error","timestamp":"2026-04-20 11:39:03"}
{"error":"Returned error:","level":"error","message":"Admin API error","timestamp":"2026-04-20 11:39:08"}
{"error":"Returned error:","level":"error","message":"Admin API error","timestamp":"2026-04-20 11:39:13"}
{"error":"Returned error:","level":"error","message":"Admin API error","timestamp":"2026-04-20 11:39:17"}
{"error":"Returned error:","level":"error","message":"Admin API error","timestamp":"2026-04-20 11:39:23"}
{"error":"Returned error:","level":"error","message":"Admin API error","timestamp":"2026-04-20 11:40:43"}
{"error":"Returned error:","level":"error","message":"Admin API error","timestamp":"2026-04-20 11:40:48"}
{"error":"Returned error:","level":"error","message":"Admin API error","timestamp":"2026-04-20 11:40:52"}
{"error":"Returned error:","level":"error","message":"Admin API error","timestamp":"2026-04-20 11:40:58"}
{"error":"Returned error:","level":"error","message":"Admin API error","timestamp":"2026-04-20 11:41:03"}
{"error":"Returned error:","level":"error","message":"Admin API error","timestamp":"2026-04-20 11:41:08"}
{"error":"Returned error:","level":"error","message":"Admin API error","timestamp":"2026-04-20 11:41:12"}
{"error":"Returned error:","level":"error","message":"Admin API error","timestamp":"2026-04-20 11:41:18"}
{"error":"Returned error:","level":"error","message":"Admin API error","timestamp":"2026-04-20 11:41:22"}
{"error":"Returned error:","level":"error","message":"Admin API error","timestamp":"2026-04-20 11:41:27"}
{"error":"Returned error:","level":"error","message":"Admin API error","timestamp":"2026-04-20 11:43:43"}
{"error":"Returned error: ","level":"error","message":"Fatal error","stack":"ResponseError: Returned error: \n    at HttpProvider.<anonymous> (C:\\Users\\Programmers\\Desktop\\bc_SUPERBOT\\files\\node_modules\\web3-providers-http\\lib\\commonjs\\index.js:61:23)\n    at Generator.next (<anonymous>)\n    at fulfilled (C:\\Users\\Programmers\\Desktop\\bc_SUPERBOT\\files\\node_modules\\web3-providers-http\\lib\\commonjs\\index.js:21:58)\n    at process.processTicksAndRejections (node:internal/process/task_queues:105:5)","timestamp":"2026-04-20 11:45:24"}
{"error":"Returned error:","level":"error","message":"Admin API error","timestamp":"2026-04-20 11:45:43"}
{"error":"Returned error:","level":"error","message":"Admin API error","timestamp":"2026-04-20 11:48:43"}
{"error":"Returned error:","level":"error","message":"Admin API error","timestamp":"2026-04-20 11:50:43"}
{"error":"Returned error:","level":"error","message":"Admin API error","timestamp":"2026-04-20 11:52:43"}
{"error":"Returned error:","level":"error","message":"Admin API error","timestamp":"2026-04-20 11:55:53"}
{"error":"Returned error:","level":"error","message":"Admin API error","timestamp":"2026-04-20 11:55:56"}
{"error":"Returned error: ","level":"error","message":"Fatal error","stack":"ResponseError: Returned error: \n    at HttpProvider.<anonymous> (C:\\Users\\Programmers\\Desktop\\bc_SUPERBOT\\files\\node_modules\\web3-providers-http\\lib\\commonjs\\index.js:61:23)\n    at Generator.next (<anonymous>)\n    at fulfilled (C:\\Users\\Programmers\\Desktop\\bc_SUPERBOT\\files\\node_modules\\web3-providers-http\\lib\\commonjs\\index.js:21:58)\n    at process.processTicksAndRejections (node:internal/process/task_queues:105:5)","timestamp":"2026-04-20 11:56:19"}
{"error":"Returned error: ","level":"error","message":"Fatal error","stack":"ResponseError: Returned error: \n    at HttpProvider.<anonymous> (C:\\Users\\Programmers\\Desktop\\bc_SUPERBOT\\files\\node_modules\\web3-providers-http\\lib\\commonjs\\index.js:61:23)\n    at Generator.next (<anonymous>)\n    at fulfilled (C:\\Users\\Programmers\\Desktop\\bc_SUPERBOT\\files\\node_modules\\web3-providers-http\\lib\\commonjs\\index.js:21:58)\n    at process.processTicksAndRejections (node:internal/process/task_queues:105:5)","timestamp":"2026-04-20 11:59:44"}
{"error":"Returned error: ","level":"error","message":"Fatal error","stack":"ResponseError: Returned error: \n    at HttpProvider.<anonymous> (C:\\Users\\Programmers\\Desktop\\bc_SUPERBOT\\files\\node_modules\\web3-providers-http\\lib\\commonjs\\index.js:61:23)\n    at Generator.next (<anonymous>)\n    at fulfilled (C:\\Users\\Programmers\\Desktop\\bc_SUPERBOT\\files\\node_modules\\web3-providers-http\\lib\\commonjs\\index.js:21:58)\n    at process.processTicksAndRejections (node:internal/process/task_queues:105:5)","timestamp":"2026-04-20 11:59:51"}
{"error":"Returned error: ","level":"error","message":"Failed to fetch deployed campaigns","timestamp":"2026-04-20 13:04:34"}
{"error":"Returned error: ","level":"error","message":"Failed to fetch budget","timestamp":"2026-04-20 13:04:36"}
{"error":"Returned error: ","level":"error","message":"Failed to fetch budget","timestamp":"2026-04-20 13:04:36"}
{"error":"Returned error: ","level":"error","message":"Failed to fetch deployed campaigns","timestamp":"2026-04-20 13:04:36"}
{"error":"Returned error:","level":"error","message":"Admin API error","timestamp":"2026-04-20 13:04:39"}
{"error":"Returned error: ","level":"error","message":"Failed to fetch deployed campaigns","timestamp":"2026-04-20 13:04:44"}
{"error":"Returned error: ","level":"error","message":"Failed to fetch budget","timestamp":"2026-04-20 13:04:49"}
{"error":"Returned error: ","level":"error","message":"Failed to fetch deployed campaigns","timestamp":"2026-04-20 13:04:49"}
{"error":"Returned error:","level":"error","message":"Admin API error","timestamp":"2026-04-20 13:04:54"}
{"error":"Returned error: ","level":"error","message":"Failed to fetch budget","timestamp":"2026-04-20 13:05:04"}
{"error":"Returned error: ","level":"error","message":"Failed to fetch deployed campaigns","timestamp":"2026-04-20 13:05:05"}
{"error":"Returned error:","level":"error","message":"Admin API error","timestamp":"2026-04-20 13:05:06"}
{"level":"error","message":"sell-list.json not found at: C:\\Users\\Programmers\\Desktop\\bc_SUPERBOT\\files\\sell-list.json","timestamp":"2026-04-20 13:05:14"}
{"error":"Returned error: ","level":"error","message":"Failed to fetch deployed campaigns","timestamp":"2026-04-20 13:05:14"}
{"error":"Returned error: ","level":"error","message":"Failed to fetch deployed campaigns","timestamp":"2026-04-20 13:05:17"}
{"error":"Returned error:","level":"error","message":"Admin API error","timestamp":"2026-04-20 13:05:19"}
{"error":"Returned error: ","level":"error","message":"Failed to fetch deployed campaigns","timestamp":"2026-04-20 13:05:22"}
{"error":"Returned error:","level":"error","message":"Admin API error","timestamp":"2026-04-20 13:05:24"}
{"error":"Returned error:","level":"error","message":"Admin API error","timestamp":"2026-04-20 13:05:29"}
{"error":"Returned error: ","level":"error","message":"Failed to fetch budget","timestamp":"2026-04-20 13:05:34"}
{"error":"Returned error: ","level":"error","message":"Failed to fetch deployed campaigns","timestamp":"2026-04-20 13:05:38"}
{"level":"error","message":"sell-list.json not found at: C:\\Users\\Programmers\\Desktop\\bc_SUPERBOT\\files\\sell-list.json","timestamp":"2026-04-20 13:05:38"}
{"error":"Returned error:","level":"error","message":"Admin API error","timestamp":"2026-04-20 13:05:38"}
{"error":"Returned error: ","level":"error","message":"Failed to fetch budget","timestamp":"2026-04-20 13:05:38"}
{"error":"Returned error: ","level":"error","message":"Failed to fetch budget","timestamp":"2026-04-20 13:05:44"}
{"error":"Returned error: ","level":"error","message":"Failed to fetch deployed campaigns","timestamp":"2026-04-20 13:05:44"}
{"error":"Returned error: ","level":"error","message":"Failed to fetch budget","timestamp":"2026-04-20 13:05:49"}
{"error":"Returned error: ","level":"error","message":"Failed to fetch deployed campaigns","timestamp":"2026-04-20 13:05:49"}
{"error":"Returned error: ","level":"error","message":"Failed to fetch budget","timestamp":"2026-04-20 13:05:54"}
{"error":"Returned error: ","level":"error","message":"Failed to fetch deployed campaigns","timestamp":"2026-04-20 13:05:54"}
{"error":"Returned error:","level":"error","message":"Admin API error","timestamp":"2026-04-20 13:05:55"}
{"error":"Returned error:","level":"error","message":"Admin API error","timestamp":"2026-04-20 13:05:59"}
{"error":"Returned error:","level":"error","message":"Admin API error","timestamp":"2026-04-20 13:06:04"}
{"error":"Returned error: ","level":"error","message":"Failed to fetch budget","timestamp":"2026-04-20 13:06:09"}
{"error":"Returned error: ","level":"error","message":"Failed to fetch deployed campaigns","timestamp":"2026-04-20 13:06:10"}
{"error":"Returned error:","level":"error","message":"Admin API error","timestamp":"2026-04-20 13:06:14"}
{"error":"Returned error: ","level":"error","message":"Failed to fetch budget","timestamp":"2026-04-20 13:06:19"}
{"error":"Returned error: ","level":"error","message":"Failed to fetch deployed campaigns","timestamp":"2026-04-20 13:06:19"}
{"error":"Returned error:","level":"error","message":"Admin API error","timestamp":"2026-04-20 13:06:24"}
{"error":"Returned error:","level":"error","message":"Admin API error","timestamp":"2026-04-20 13:06:29"}
{"error":"Returned error: ","level":"error","message":"Failed to fetch budget","timestamp":"2026-04-20 13:07:40"}
{"error":"Returned error: ","level":"error","message":"Failed to fetch deployed campaigns","timestamp":"2026-04-20 13:07:45"}
{"error":"Returned error:","level":"error","message":"Admin API error","timestamp":"2026-04-20 13:07:49"}
{"error":"Returned error: ","level":"error","message":"Failed to fetch deployed campaigns","timestamp":"2026-04-20 13:07:55"}
{"error":"Returned error: ","level":"error","message":"Failed to fetch deployed campaigns","timestamp":"2026-04-20 13:08:44"}
{"error":"Returned error: ","level":"error","message":"Failed to connect to RPC","timestamp":"2026-04-20 13:09:33"}
{"level":"error","message":"sell-list.json not found at: C:\\Users\\Programmers\\Desktop\\bc_SUPERBOT\\files\\sell-list.json","timestamp":"2026-04-20 13:12:31"}
{"level":"error","message":"sell-list.json not found at: C:\\Users\\Programmers\\Desktop\\bc_SUPERBOT\\files\\sell-list.json","timestamp":"2026-04-20 13:13:44"}
{"level":"error","message":"sell-list.json not found at: C:\\Users\\Programmers\\Desktop\\bc_SUPERBOT\\files\\sell-list.json","timestamp":"2026-04-20 13:14:00"}
{"level":"error","message":"sell-list.json not found at: C:\\Users\\Programmers\\Desktop\\bc_SUPERBOT\\files\\sell-list.json","timestamp":"2026-04-20 13:16:00"}
{"level":"error","message":"sell-list.json not found at: C:\\Users\\Programmers\\Desktop\\bc_SUPERBOT\\files\\sell-list.json","timestamp":"2026-04-20 13:20:23"}
{"level":"error","message":"sell-list.json not found at: C:\\Users\\Programmers\\Desktop\\bc_SUPERBOT\\files\\sell-list.json","timestamp":"2026-04-20 13:20:34"}
{"level":"error","message":"sell-list.json not found at: C:\\Users\\Programmers\\Desktop\\bc_SUPERBOT\\files\\sell-list.json","timestamp":"2026-04-20 13:22:00"}
{"level":"error","message":"sell-list.json not found at: C:\\Users\\Programmers\\Desktop\\bc_SUPERBOT\\files\\sell-list.json","timestamp":"2026-04-20 13:22:37"}
{"level":"error","message":"sell-list.json not found at: C:\\Users\\Programmers\\Desktop\\bc_SUPERBOT\\files\\sell-list.json","timestamp":"2026-04-20 13:23:59"}
{"level":"error","message":"Invalid cron: s","timestamp":"2026-04-20 13:24:52"}
{"level":"error","message":"sell-list.json not found at: C:\\Users\\Programmers\\Desktop\\bc_SUPERBOT\\files\\sell-list.json","timestamp":"2026-04-20 15:10:59"}
{"level":"error","message":"sell-list.json not found at: C:\\Users\\Programmers\\Desktop\\bc_SUPERBOT\\files\\sell-list.json","timestamp":"2026-04-20 15:11:00"}
{"level":"error","message":"sell-list.json not found at: C:\\Users\\Programmers\\Desktop\\bc_SUPERBOT\\files\\sell-list.json","timestamp":"2026-04-20 15:12:00"}
